[28-Sep-2020 17:23:08 UTC] PHP Parse error:  syntax error, unexpected '}', expecting ',' or ';' in C:\Users\marci\Local Sites\amazing-college\app\public\wp-content\themes\amazing-college-theme\index.php on line 4
[28-Sep-2020 17:42:17 UTC] PHP Parse error:  syntax error, unexpected '}', expecting ',' or ';' in C:\Users\marci\Local Sites\amazing-college\app\public\wp-content\themes\amazing-college-theme\index.php on line 7
[28-Sep-2020 17:42:43 UTC] PHP Parse error:  syntax error, unexpected '$count' (T_VARIABLE), expecting ',' or ';' in C:\Users\marci\Local Sites\amazing-college\app\public\wp-content\themes\amazing-college-theme\index.php on line 7
[28-Sep-2020 17:43:45 UTC] PHP Fatal error:  Uncaught Error: Call to undefined function length() in C:\Users\marci\Local Sites\amazing-college\app\public\wp-content\themes\amazing-college-theme\index.php:5
Stack trace:
#0 C:\Users\marci\Local Sites\amazing-college\app\public\wp-includes\template-loader.php(106): include()
#1 C:\Users\marci\Local Sites\amazing-college\app\public\wp-blog-header.php(19): require_once('C:\\Users\\marci\\...')
#2 C:\Users\marci\Local Sites\amazing-college\app\public\index.php(17): require('C:\\Users\\marci\\...')
#3 {main}
  thrown in C:\Users\marci\Local Sites\amazing-college\app\public\wp-content\themes\amazing-college-theme\index.php on line 5
[28-Sep-2020 17:44:38 UTC] PHP Parse error:  syntax error, unexpected 'echo' (T_ECHO) in C:\Users\marci\Local Sites\amazing-college\app\public\wp-content\themes\amazing-college-theme\index.php on line 6
[28-Sep-2020 17:56:54 UTC] PHP Fatal error:  Uncaught Error: Call to undefined function the_body() in C:\Users\marci\Local Sites\amazing-college\app\public\wp-content\themes\amazing-college-theme\index.php:5
Stack trace:
#0 C:\Users\marci\Local Sites\amazing-college\app\public\wp-includes\template-loader.php(106): include()
#1 C:\Users\marci\Local Sites\amazing-college\app\public\wp-blog-header.php(19): require_once('C:\\Users\\marci\\...')
#2 C:\Users\marci\Local Sites\amazing-college\app\public\index.php(17): require('C:\\Users\\marci\\...')
#3 {main}
  thrown in C:\Users\marci\Local Sites\amazing-college\app\public\wp-content\themes\amazing-college-theme\index.php on line 5
[28-Sep-2020 17:57:11 UTC] PHP Fatal error:  Uncaught Error: Call to undefined function the_text() in C:\Users\marci\Local Sites\amazing-college\app\public\wp-content\themes\amazing-college-theme\index.php:5
Stack trace:
#0 C:\Users\marci\Local Sites\amazing-college\app\public\wp-includes\template-loader.php(106): include()
#1 C:\Users\marci\Local Sites\amazing-college\app\public\wp-blog-header.php(19): require_once('C:\\Users\\marci\\...')
#2 C:\Users\marci\Local Sites\amazing-college\app\public\index.php(17): require('C:\\Users\\marci\\...')
#3 {main}
  thrown in C:\Users\marci\Local Sites\amazing-college\app\public\wp-content\themes\amazing-college-theme\index.php on line 5
[28-Sep-2020 18:52:10 UTC] PHP Parse error:  syntax error, unexpected '}' in C:\Users\marci\Local Sites\amazing-college\app\public\wp-content\themes\amazing-college-theme\functions.php on line 4
[28-Sep-2020 19:24:52 UTC] PHP Parse error:  syntax error, unexpected ';', expecting ')' in C:\Users\marci\Local Sites\amazing-college\app\public\wp-content\themes\amazing-college-theme\functions.php on line 3
[28-Sep-2020 19:36:20 UTC] PHP Warning:  Use of undefined constant get_theme_file_uri - assumed 'get_theme_file_uri' (this will throw an Error in a future version of PHP) in C:\Users\marci\Local Sites\amazing-college\app\public\wp-content\themes\amazing-college-theme\index.php on line 4
[28-Sep-2020 19:36:20 UTC] PHP Stack trace:
[28-Sep-2020 19:36:20 UTC] PHP   1. {main}() C:\Users\marci\Local Sites\amazing-college\app\public\index.php:0
[28-Sep-2020 19:36:20 UTC] PHP   2. require() C:\Users\marci\Local Sites\amazing-college\app\public\index.php:17
[28-Sep-2020 19:36:20 UTC] PHP   3. require_once() C:\Users\marci\Local Sites\amazing-college\app\public\wp-blog-header.php:19
[28-Sep-2020 19:36:20 UTC] PHP   4. include() C:\Users\marci\Local Sites\amazing-college\app\public\wp-includes\template-loader.php:106
[29-Sep-2020 11:30:19 UTC] PHP Warning:  An unexpected error occurred. Something may be wrong with WordPress.org or this server&#8217;s configuration. If you continue to have problems, please try the <a href="https://wordpress.org/support/forums/">support forums</a>. (WordPress could not establish a secure connection to WordPress.org. Please contact your server administrator.) in C:\Users\marci\Local Sites\amazing-college\app\public\wp-admin\includes\plugin-install.php on line 183
[29-Sep-2020 11:30:19 UTC] PHP Stack trace:
[29-Sep-2020 11:30:19 UTC] PHP   1. {main}() C:\Users\marci\Local Sites\amazing-college\app\public\wp-admin\plugin-install.php:0
[29-Sep-2020 11:30:19 UTC] PHP   2. do_action() C:\Users\marci\Local Sites\amazing-college\app\public\wp-admin\plugin-install.php:173
[29-Sep-2020 11:30:19 UTC] PHP   3. WP_Hook->do_action() C:\Users\marci\Local Sites\amazing-college\app\public\wp-includes\plugin.php:478
[29-Sep-2020 11:30:19 UTC] PHP   4. WP_Hook->apply_filters() C:\Users\marci\Local Sites\amazing-college\app\public\wp-includes\class-wp-hook.php:311
[29-Sep-2020 11:30:19 UTC] PHP   5. install_dashboard() C:\Users\marci\Local Sites\amazing-college\app\public\wp-includes\class-wp-hook.php:287
[29-Sep-2020 11:30:19 UTC] PHP   6. install_popular_tags() C:\Users\marci\Local Sites\amazing-college\app\public\wp-admin\includes\plugin-install.php:285
[29-Sep-2020 11:30:19 UTC] PHP   7. plugins_api() C:\Users\marci\Local Sites\amazing-college\app\public\wp-admin\includes\plugin-install.php:252
[29-Sep-2020 11:30:19 UTC] PHP   8. trigger_error() C:\Users\marci\Local Sites\amazing-college\app\public\wp-admin\includes\plugin-install.php:183
